error opening file
trying word:  babished
error opening file
trying word:  aerocartograph
error opening file
trying word:  poniard
error opening file
trying word:  alinement
error opening file
trying word:  releasor
error opening file
trying word:  systemize
error opening file
trying word:  isagogically
error opening file
trying word:  aggrievement
error opening file
trying word:  saigon
error opening file
trying word:  newsdesk
error opening file
trying word:  flexility
error opening file
trying word:  anaphorical
error opening file
trying word:  sublimating
error opening file
trying word:  pledgers
error opening file
trying word:  lyraid
error opening file
trying word:  cryptosporidia
error opening file
trying word:  anatopism
error opening file
trying word:  votivenesses
error opening file
trying word:  sparsenesses
error opening file
trying word:  reregister
error opening file
trying word:  unchoicely
error opening file
trying word:  overcompliance
error opening file
trying word:  discriminant
error opening file
trying word:  myotomes
error opening file
trying word:  unavowed
error opening file
trying word:  gastrohysterectomy
error opening file
trying word:  secret
password:  secret

Process finished with exit code 0
